<?xml version="1.0" encoding="UTF-8"?>
<testng-results skipped="0" failed="0" ignored="0" total="1" passed="1">
  <reporter-output>
  </reporter-output>
  <suite name="InetBankingV1" duration-ms="22653" started-at="2022-08-23T19:02:44 IST" finished-at="2022-08-23T19:03:06 IST">
    <groups>
    </groups>
    <test name="BankingApp Test" duration-ms="22653" started-at="2022-08-23T19:02:44 IST" finished-at="2022-08-23T19:03:06 IST">
      <class name="com.inetbanking.testCases.TC_LoginTest_001">
        <test-method status="PASS" signature="setup(java.lang.String)[pri:0, instance:com.inetbanking.testCases.TC_LoginTest_001@64729b1e]" name="setup" is-config="true" duration-ms="15664" started-at="2022-08-23T19:02:44 IST" finished-at="2022-08-23T19:03:00 IST">
          <params>
            <param index="0">
              <value>
                <![CDATA[chrome]]>
              </value>
            </param>
          </params>
          <reporter-output>
          </reporter-output>
        </test-method> <!-- setup -->
        <test-method status="PASS" signature="loginTest()[pri:0, instance:com.inetbanking.testCases.TC_LoginTest_001@64729b1e]" name="loginTest" duration-ms="5759" started-at="2022-08-23T19:03:00 IST" finished-at="2022-08-23T19:03:05 IST">
          <reporter-output>
          </reporter-output>
        </test-method> <!-- loginTest -->
        <test-method status="PASS" signature="teardown()[pri:0, instance:com.inetbanking.testCases.TC_LoginTest_001@64729b1e]" name="teardown" is-config="true" duration-ms="843" started-at="2022-08-23T19:03:05 IST" finished-at="2022-08-23T19:03:06 IST">
          <reporter-output>
          </reporter-output>
        </test-method> <!-- teardown -->
      </class> <!-- com.inetbanking.testCases.TC_LoginTest_001 -->
    </test> <!-- BankingApp Test -->
  </suite> <!-- InetBankingV1 -->
</testng-results>
